[13:53:29] EXECUTED
  Tool: LIST
  Risk: Safe
  Args: D:\local cursor\LocalCursor
  Result: [DIR] .agent_logs
[DIR] bin
[DIR] Converters
[DIR] Helpers
[DIR] obj
[DIR] Services
[DIR] ViewModels
[DIR] Views
App.xaml
App.xaml.cs
AssemblyInfo.cs
build.txt
build_log.txt
chat_history.json
LocalCursor.csproj
logo.ico
logo.png
MainWindow.xaml
MainWindow.xaml.cs

[13:53:45] EXECUTED
  Tool: READ
  Risk: Safe
  Args: D:\local cursor\LocalCursor\LocalCursor.csproj
  Result: <Project Sdk="Microsoft.NET.Sdk">

  <PropertyGroup>
    <OutputType>WinExe</OutputType>
    <TargetFramework>net8.0-windows</TargetFramework>
    <Nullable>enable</Nullable>
    <ImplicitUsings>enable</ImplicitUsings>
    <UseWPF>true</UseWPF>
    <ApplicationIcon>logo.ico</ApplicationIcon>
    <AssemblyName>Qode</AssemblyName>
    <Product>Qode</Product>
  </PropertyGroup>

  <ItemGroup>
    <Content Include="logo.ico" />
  </ItemGroup>

  <ItemGroup>
    <None Remove="logo.png" />
  </ItemGro...

[13:53:54] EXECUTED
  Tool: READ
  Risk: Safe
  Args: D:\local cursor\LocalCursor\App.xaml.cs
  Result: using LocalCursor.Services;
using System.Windows;
using System.Windows.Threading;

namespace LocalCursor
{
    /// <summary>
    /// Interaction logic for App.xaml
    /// </summary>
    public partial class App : Application
    {
        private PowerManagementService _powerManagement;

        public App()
        {
            // Subscribe to the dispatcherUnhandledException event
            this.DispatcherUnhandledException += App_DispatcherUnhandledException;
        }

        protected ...

[13:55:42] EXECUTED
  Tool: LIST
  Risk: Safe
  Args: D:\local cursor\LocalCursor
  Result: [DIR] .agent_logs
[DIR] bin
[DIR] Converters
[DIR] Helpers
[DIR] obj
[DIR] Services
[DIR] ViewModels
[DIR] Views
App.xaml
App.xaml.cs
AssemblyInfo.cs
build.txt
build_log.txt
chat_history.json
LocalCursor.csproj
logo.ico
logo.png
MainWindow.xaml
MainWindow.xaml.cs

[14:33:53] EXECUTED
  Tool: LIST
  Risk: Safe
  Args: D:\local cursor\LocalCursor
  Result: [DIR] .agent_logs
[DIR] bin
[DIR] Converters
[DIR] Helpers
[DIR] obj
[DIR] Services
[DIR] ViewModels
[DIR] Views
App.xaml
App.xaml.cs
AssemblyInfo.cs
build.txt
build_log.txt
chat_history.json
LocalCursor.csproj
logo.ico
logo.png
MainWindow.xaml
MainWindow.xaml.cs

[14:33:55] EXECUTED
  Tool: RUN_BUILD
  Risk: Safe
  Args: dotnet build
  Result: [Exit Code: 0]
=== STDOUT ===
  Determining projects to restore...
  All projects are up-to-date for restore.
  LocalCursor -> D:\local cursor\LocalCursor\bin\Debug\net8.0-windows\Qode.dll

Build succeeded.
    0 Warning(s)
    0 Error(s)

Time Elapsed 00:00:01.05


[14:34:25] EXECUTED
  Tool: RUN_BUILD
  Risk: Safe
  Args: dotnet run
  Result: [Exit Code: 0]


[14:34:54] EXECUTED
  Tool: READ
  Risk: Safe
  Args: D:\local cursor\LocalCursor\Qode\App.xaml
  Result: Error: File not found at D:\local cursor\LocalCursor\Qode\App.xaml

[14:34:56] EXECUTED
  Tool: LIST
  Risk: Safe
  Args: D:\local cursor\LocalCursor\Qode\
  Result: Error: Directory not found.

[14:34:58] EXECUTED
  Tool: LIST
  Risk: Safe
  Args: D:\local cursor\LocalCursor
  Result: [DIR] .agent_logs
[DIR] bin
[DIR] Converters
[DIR] Helpers
[DIR] obj
[DIR] Services
[DIR] ViewModels
[DIR] Views
App.xaml
App.xaml.cs
AssemblyInfo.cs
build.txt
build_log.txt
chat_history.json
LocalCursor.csproj
logo.ico
logo.png
MainWindow.xaml
MainWindow.xaml.cs

[14:35:03] EXECUTED
  Tool: READ
  Risk: Safe
  Args: D:\local cursor\LocalCursor\App.xaml
  Result: 
<Application x:Class="LocalCursor.App"
             xmlns="http://schemas.microsoft.com/winfx/2006/xaml/presentation"
             xmlns:x="http://schemas.microsoft.com/winfx/2006/xaml">
    <Application.Resources>
        <!-- Segoe MDL2 Icons Font (Cursor-style icons) -->
        <FontFamily x:Key="IconFont">Segoe Fluent Icons, Segoe MDL2 Assets</FontFamily>
        
        <!-- Cursor IDE Dark Theme -->
        <!-- Logo-Inspired Palette -->
        <SolidColorBrush x:Key="BackgroundPrimary...

[15:16:43] EXECUTED
  Tool: LIST
  Risk: Safe
  Args: D:\local cursor\LocalCursor
  Result: [DIR] .agent_logs
[DIR] bin
[DIR] Converters
[DIR] Helpers
[DIR] obj
[DIR] Services
[DIR] ViewModels
[DIR] Views
App.xaml
App.xaml.cs
AssemblyInfo.cs
build.txt
build_log.txt
chat_history.json
LocalCursor.csproj
logo.ico
logo.png
MainWindow.xaml
MainWindow.xaml.cs

[15:16:44] EXECUTED
  Tool: READ
  Risk: Safe
  Args: D:\local cursor\LocalCursor\App.xaml
  Result: 
<Application x:Class="LocalCursor.App"
             xmlns="http://schemas.microsoft.com/winfx/2006/xaml/presentation"
             xmlns:x="http://schemas.microsoft.com/winfx/2006/xaml">
    <Application.Resources>
        <!-- Segoe MDL2 Icons Font (Cursor-style icons) -->
        <FontFamily x:Key="IconFont">Segoe Fluent Icons, Segoe MDL2 Assets</FontFamily>
        
        <!-- Cursor IDE Dark Theme -->
        <!-- Logo-Inspired Palette -->
        <SolidColorBrush x:Key="BackgroundPrimary...

[15:17:18] EXECUTED
  Tool: READ
  Risk: Safe
  Args: D:\local cursor\LocalCursor\App.xaml
  Result: 
<Application x:Class="LocalCursor.App"
             xmlns="http://schemas.microsoft.com/winfx/2006/xaml/presentation"
             xmlns:x="http://schemas.microsoft.com/winfx/2006/xaml">
    <Application.Resources>
        <!-- Segoe MDL2 Icons Font (Cursor-style icons) -->
        <FontFamily x:Key="IconFont">Segoe Fluent Icons, Segoe MDL2 Assets</FontFamily>
        
        <!-- Cursor IDE Dark Theme -->
        <!-- Logo-Inspired Palette -->
        <SolidColorBrush x:Key="BackgroundPrimary...

[15:17:19] EXECUTED
  Tool: READ
  Risk: Safe
  Args: D:\local cursor\LocalCursor\App.xaml
  Result: 
<Application x:Class="LocalCursor.App"
             xmlns="http://schemas.microsoft.com/winfx/2006/xaml/presentation"
             xmlns:x="http://schemas.microsoft.com/winfx/2006/xaml">
    <Application.Resources>
        <!-- Segoe MDL2 Icons Font (Cursor-style icons) -->
        <FontFamily x:Key="IconFont">Segoe Fluent Icons, Segoe MDL2 Assets</FontFamily>
        
        <!-- Cursor IDE Dark Theme -->
        <!-- Logo-Inspired Palette -->
        <SolidColorBrush x:Key="BackgroundPrimary...

[15:17:22] EXECUTED
  Tool: LIST
  Risk: Safe
  Args: D:\local cursor\LocalCursor
  Result: [DIR] .agent_logs
[DIR] bin
[DIR] Converters
[DIR] Helpers
[DIR] obj
[DIR] Services
[DIR] ViewModels
[DIR] Views
App.xaml
App.xaml.cs
AssemblyInfo.cs
build.txt
build_log.txt
chat_history.json
LocalCursor.csproj
logo.ico
logo.png
MainWindow.xaml
MainWindow.xaml.cs

[15:17:26] EXECUTED
  Tool: READ
  Risk: Safe
  Args: D:\local cursor\LocalCursor\MainWindow.xaml
  Result: <Window x:Class="LocalCursor.MainWindow"
        xmlns="http://schemas.microsoft.com/winfx/2006/xaml/presentation"
        xmlns:x="http://schemas.microsoft.com/winfx/2006/xaml"
        xmlns:sys="clr-namespace:System;assembly=mscorlib"
        xmlns:d="http://schemas.microsoft.com/expression/blend/2008"
        xmlns:mc="http://schemas.openxmlformats.org/markup-compatibility/2006"
        xmlns:vm="clr-namespace:LocalCursor.ViewModels"
        xmlns:avalon="http://icsharpcode.net/sharpdevelop/a...

[15:17:29] EXECUTED
  Tool: READ
  Risk: Safe
  Args: D:\local cursor\LocalCursor\MainWindow.xaml
  Result: <Window x:Class="LocalCursor.MainWindow"
        xmlns="http://schemas.microsoft.com/winfx/2006/xaml/presentation"
        xmlns:x="http://schemas.microsoft.com/winfx/2006/xaml"
        xmlns:sys="clr-namespace:System;assembly=mscorlib"
        xmlns:d="http://schemas.microsoft.com/expression/blend/2008"
        xmlns:mc="http://schemas.openxmlformats.org/markup-compatibility/2006"
        xmlns:vm="clr-namespace:LocalCursor.ViewModels"
        xmlns:avalon="http://icsharpcode.net/sharpdevelop/a...

[15:17:30] EXECUTED
  Tool: READ
  Risk: Safe
  Args: D:\local cursor\LocalCursor\App.xaml.cs
  Result: using LocalCursor.Services;
using System.Windows;
using System.Windows.Threading;

namespace LocalCursor
{
    /// <summary>
    /// Interaction logic for App.xaml
    /// </summary>
    public partial class App : Application
    {
        private PowerManagementService _powerManagement;

        public App()
        {
            // Subscribe to the dispatcherUnhandledException event
            this.DispatcherUnhandledException += App_DispatcherUnhandledException;
        }

        protected ...

[15:17:34] EXECUTED
  Tool: READ
  Risk: Safe
  Args: D:\local cursor\LocalCursor\MainWindow.xaml.cs
  Result: using System.IO;
using System.Windows;
using System.Windows.Controls;
using System.Windows.Input;
using System.Windows.Threading;
using LocalCursor.ViewModels;

namespace LocalCursor
{
    public partial class MainWindow : Window
    {
        private MainViewModel _viewModel;

        public MainWindow()
        {
            InitializeComponent();
            _viewModel = new MainViewModel();
            DataContext = _viewModel;

            // Wire up property changed for AvalonEdit sync
   ...

[15:17:35] EXECUTED
  Tool: READ
  Risk: Safe
  Args: D:\local cursor\LocalCursor\MainWindow.xaml.cs
  Result: using System.IO;
using System.Windows;
using System.Windows.Controls;
using System.Windows.Input;
using System.Windows.Threading;
using LocalCursor.ViewModels;

namespace LocalCursor
{
    public partial class MainWindow : Window
    {
        private MainViewModel _viewModel;

        public MainWindow()
        {
            InitializeComponent();
            _viewModel = new MainViewModel();
            DataContext = _viewModel;

            // Wire up property changed for AvalonEdit sync
   ...

[15:17:36] EXECUTED
  Tool: LIST
  Risk: Safe
  Args: D:\local cursor\LocalCursor\Views
  Result: 

[15:17:38] EXECUTED
  Tool: LIST
  Risk: Safe
  Args: D:\local cursor\LocalCursor\ViewModels
  Result: EditorTab.cs
MainViewModel.cs
QueuedCommand.cs

[15:17:43] EXECUTED
  Tool: READ
  Risk: Safe
  Args: D:\local cursor\LocalCursor\ViewModels\MainViewModel.cs
  Result: using CommunityToolkit.Mvvm.ComponentModel;
using CommunityToolkit.Mvvm.Input;
using System;
using System.Collections.Generic;
using System.Collections.ObjectModel;
using System.IO;
using System.Linq;
using System.Threading.Tasks;
using System.Windows;
using System.Windows.Threading;
using LocalCursor.Services;

namespace LocalCursor.ViewModels
{
    public partial class MainViewModel : ObservableObject
    {
        private DispatcherTimer _cursorUpdateTimer;
        private Services.PowerManag...

[15:17:46] EXECUTED
  Tool: READ
  Risk: Safe
  Args: D:\local cursor\LocalCursor\ViewModels\MainViewModel.cs
  Result: using CommunityToolkit.Mvvm.ComponentModel;
using CommunityToolkit.Mvvm.Input;
using System;
using System.Collections.Generic;
using System.Collections.ObjectModel;
using System.IO;
using System.Linq;
using System.Threading.Tasks;
using System.Windows;
using System.Windows.Threading;
using LocalCursor.Services;

namespace LocalCursor.ViewModels
{
    public partial class MainViewModel : ObservableObject
    {
        private DispatcherTimer _cursorUpdateTimer;
        private Services.PowerManag...

[15:17:49] EXECUTED
  Tool: READ
  Risk: Safe
  Args: D:\local cursor\LocalCursor\Services\FileService.cs
  Result: 
using System;
using System.IO;
using System.Linq;

namespace LocalCursor.Services
{
    public class FileService
    {
        private string _workspacePath;

        public FileService(string workspacePath)
        {
            _workspacePath = workspacePath;
            if (!Directory.Exists(_workspacePath))
            {
                Directory.CreateDirectory(_workspacePath);
            }
        }

        public string GetWorkspacePath() => _workspacePath;

        public void SetWork...

[15:17:55] EXECUTED
  Tool: READ
  Risk: Safe
  Args: D:\local cursor\LocalCursor\ViewModels\EditorTab.cs
  Result: using System;
using CommunityToolkit.Mvvm.ComponentModel;

namespace LocalCursor.ViewModels
{
    public partial class EditorTab : ObservableObject
    {
        [ObservableProperty]
        private string _filePath = "";

        [ObservableProperty]
        private string _fileName = "Untitled";

        [ObservableProperty]
        private string _content = "";

        [ObservableProperty]
        private bool _isModified = false;

        [ObservableProperty]
        pri...

