[01:40:48] EXECUTED
  Tool: READ
  Risk: Safe
  Args: D:\local cursor\LocalCursor\Program.cs
  Result: Error: File not found at D:\local cursor\LocalCursor\Program.cs

[01:40:49] EXECUTED
  Tool: LIST
  Risk: Safe
  Args: D:\local cursor\LocalCursor
  Result: [DIR] .agent_logs
[DIR] bin
[DIR] Converters
[DIR] Helpers
[DIR] obj
[DIR] Services
[DIR] ViewModels
[DIR] Views
App.xaml
App.xaml.cs
AssemblyInfo.cs
build.txt
build_log.txt
chat_history.json
LocalCursor.csproj
logo.ico
logo.png
MainWindow.xaml
MainWindow.xaml.cs

[01:41:04] EXECUTED
  Tool: READ
  Risk: Safe
  Args: D:\local cursor\LocalCursor\LocalCursor.csproj
  Result: <Project Sdk="Microsoft.NET.Sdk">

  <PropertyGroup>
    <OutputType>WinExe</OutputType>
    <TargetFramework>net9.0-windows</TargetFramework>
    <AssemblyName>Qode</AssemblyName>
    <Product>Qode</Product>
    <ApplicationIcon>logo.ico</ApplicationIcon>
    <Nullable>enable</Nullable>
    <ImplicitUsings>enable</ImplicitUsings>
    <UseWPF>true</UseWPF>
    <UseWindowsForms>true</UseWindowsForms>
  </PropertyGroup>

  <ItemGroup>
    <Resource Include="logo.png" />
  </ItemGroup>

  <ItemGrou...

[01:42:52] EXECUTED
  Tool: WRITE
  Risk: Medium
  Args: D:\local cursor\LocalCursor\LocalCursor.csproj
  Result: Successfully wrote to D:\local cursor\LocalCursor\LocalCursor.csproj

[01:45:13] EXECUTED
  Tool: READ
  Risk: Safe
  Args: D:\local cursor\LocalCursor\App.xaml.cs
  Result: using System.Windows;
using LocalCursor.Services;

namespace LocalCursor
{
    /// <summary>
    /// Interaction logic for App.xaml
    /// </summary>
    public partial class App : System.Windows.Application
    {
        private readonly PowerManagementService _powerManagement = new();

        protected override void OnStartup(StartupEventArgs e)
        {
            base.OnStartup(e);
            
            // Prevent sleep/lock while app is running
            _powerMana...

[01:50:11] EXECUTED
  Tool: WRITE
  Risk: Medium
  Args: D:\local cursor\LocalCursor\App.xaml.cs
  Result: Successfully wrote to D:\local cursor\LocalCursor\App.xaml.cs

[01:50:49] EXECUTED
  Tool: READ
  Risk: Safe
  Args: D:\local cursor\LocalCursor\MainWindow.xaml.cs
  Result: using System.IO;
using System.Windows;
using System.Windows.Controls;
using System.Windows.Input;
using System.Windows.Threading;
using LocalCursor.ViewModels;

namespace LocalCursor
{
    public partial class MainWindow : Window
    {
        private MainViewModel _viewModel;

        public MainWindow()
        {
            InitializeComponent();
            _viewModel = new MainViewModel();
            DataContext = _viewModel;

            // Wire up property changed for AvalonEdit sync
   ...

[01:57:40] EXECUTED
  Tool: WRITE
  Risk: Medium
  Args: D:\local cursor\LocalCursor\ViewModels\MainViewModel.cs
  Result: Successfully wrote to D:\local cursor\LocalCursor\ViewModels\MainViewModel.cs

